<?xml version="1.0" encoding="UTF-8"?>
<testsuite xmlns:xsi="http://www.w3.org/2001/XMLSchema-instance" xsi:noNamespaceSchemaLocation="https://maven.apache.org/surefire/maven-surefire-plugin/xsd/surefire-test-report.xsd" version="3.0.2" name="com.example.Vixsha.VixshaApplicationTests" time="2.219" tests="1" errors="0" skipped="0" failures="0">
  <properties>
[...]
</properties>
  <testcase name="contextLoads" classname="com.example.Vixsha.VixshaApplicationTests" time="0.582">
    <system-out><![CDATA[18:47:12.294 [main] INFO org.springframework.test.context.support.AnnotationConfigContextLoaderUtils -- Could not detect default configuration classes for test class [com.example.Vixsha.VixshaApplicationTests]: VixshaApplicationTests does not declare any static, non-private, non-final, nested classes annotated with @Configuration.
18:47:12.413 [main] INFO org.springframework.boot.test.context.SpringBootTestContextBootstrapper -- Found @SpringBootConfiguration com.example.Vixsha.VixshaApplication for test class com.example.Vixsha.VixshaApplicationTests

  .   ____          _            __ _ _
 /\\ / ___'_ __ _ _(_)_ __  __ _ \ \ \ \
( ( )\___ | '_ | '_| | '_ \/ _` | \ \ \ \
 \\/  ___)| |_)| | | | | || (_| |  ) ) ) )
  '  |____| .__|_| |_|_| |_\__, | / / / /
 =========|_|==============|___/=/_/_/_/

 :: Spring Boot ::                (v4.0.3)

2026-04-16T18:47:12.818+05:30  INFO 20916 --- [vixsha] [           main] c.example.Vixsha.VixshaApplicationTests  : Starting VixshaApplicationTests using Java 25 with PID 20916 (started by Lenovo in C:\Users\Lenovo\Downloads\Vixsha)
2026-04-16T18:47:12.820+05:30  INFO 20916 --- [vixsha] [           main] c.example.Vixsha.VixshaApplicationTests  : No active profile set, falling back to 1 default profile: "default"
2026-04-16T18:47:13.474+05:30  INFO 20916 --- [vixsha] [           main] o.s.b.w.a.WelcomePageHandlerMapping      : Adding welcome page: class path resource [static/index.html]
2026-04-16T18:47:13.731+05:30  INFO 20916 --- [vixsha] [           main] c.example.Vixsha.VixshaApplicationTests  : Started VixshaApplicationTests in 1.176 seconds (process running for 2.325)
]]></system-out>
    <system-err><![CDATA[Mockito is currently self-attaching to enable the inline-mock-maker. This will no longer work in future releases of the JDK. Please add Mockito as an agent to your build as described in Mockito's documentation: https://javadoc.io/doc/org.mockito/mockito-core/latest/org.mockito/org/mockito/Mockito.html#0.3
WARNING: A Java agent has been loaded dynamically (C:\Users\Lenovo\.m2\repository\net\bytebuddy\byte-buddy-agent\1.17.8\byte-buddy-agent-1.17.8.jar)
WARNING: If a serviceability tool is in use, please run with -XX:+EnableDynamicAgentLoading to hide this warning
WARNING: If a serviceability tool is not in use, please run with -Djdk.instrument.traceUsage for more information
WARNING: Dynamic loading of agents will be disallowed by default in a future release
]]></system-err>
  </testcase>
</testsuite>